Using pre-set license
Built from '2020.3/staging' branch; Version is '2020.3.13f1 (71691879b7f5) revision 7432472'; Using compiler version '192528614'; Build Type 'Release'
OS: 'Windows 10 Home; OS build 19042.1151; Version 2009; 64bit' Language: 'pl' Physical Memory: 16234 MB
BatchMode: 1, IsHumanControllingUs: 0, StartBugReporterOnCrash: 0, Is64bit: 1, IsPro: 0

 COMMAND LINE ARGUMENTS:
C:\Program Files\Unity\Hub\Editor\2020.3.13f1\Editor\Unity.exe
-adb2
-batchMode
-noUpm
-name
AssetImportWorker0
-projectPath
C:/Users/macho/Documents/UNITY/RoomSlayer
-logFile
Logs/AssetImportWorker0.log
-srvPort
61918
Successfully changed project path to: C:/Users/macho/Documents/UNITY/RoomSlayer
C:/Users/macho/Documents/UNITY/RoomSlayer
Using Asset Import Pipeline V2.
Refreshing native plugins compatible for Editor in 50.25 ms, found 2 plugins.
Preloading 0 native plugins for Editor in 0.00 ms.
Initialize engine version: 2020.3.13f1 (71691879b7f5)
[Subsystems] Discovering subsystems at path C:/Program Files/Unity/Hub/Editor/2020.3.13f1/Editor/Data/Resources/UnitySubsystems
[Subsystems] Discovering subsystems at path C:/Users/macho/Documents/UNITY/RoomSlayer/Assets
GfxDevice: creating device client; threaded=0
Direct3D:
    Version:  Direct3D 11.0 [level 11.1]
    Renderer: Intel(R) UHD Graphics 630 (ID=0x9bc5)
    Vendor:   
    VRAM:     8117 MB
    Driver:   27.20.100.8681
Shader 'Universal Render Pipeline/Particles/Lit': fallback shader 'Universal Render Pipeline/Particles/SimpleLit' not found
Initialize mono
Mono path[0] = 'C:/Program Files/Unity/Hub/Editor/2020.3.13f1/Editor/Data/Managed'
Mono path[1] = 'C:/Program Files/Unity/Hub/Editor/2020.3.13f1/Editor/Data/MonoBleedingEdge/lib/mono/unityjit'
Mono config path = 'C:/Program Files/Unity/Hub/Editor/2020.3.13f1/Editor/Data/MonoBleedingEdge/etc'
Using monoOptions --debugger-agent=transport=dt_socket,embedding=1,server=y,suspend=n,address=127.0.0.1:56112
Begin MonoManager ReloadAssembly
Registering precompiled unity dll's ...
Register platform support module: C:/Program Files/Unity/Hub/Editor/2020.3.13f1/Editor/Data/PlaybackEngines/WindowsStandaloneSupport/UnityEditor.WindowsStandalone.Extensions.dll
Registered in 0.001355 seconds.
Native extension for WindowsStandalone target not found
Refreshing native plugins compatible for Editor in 51.21 ms, found 2 plugins.
Preloading 0 native plugins for Editor in 0.00 ms.
Mono: successfully reloaded assembly
- Completed reload, in  0.761 seconds
Platform modules already initialized, skipping
Registering precompiled user dll's ...
Registered in 0.003158 seconds.
Begin MonoManager ReloadAssembly
Native extension for WindowsStandalone target not found
Refreshing native plugins compatible for Editor in 51.28 ms, found 2 plugins.
Preloading 0 native plugins for Editor in 0.00 ms.
Mono: successfully reloaded assembly
- Completed reload, in  0.870 seconds
Platform modules already initialized, skipping
========================================================================
Worker process is ready to serve import requests
Shader 'Universal Render Pipeline/Particles/Lit': fallback shader 'Universal Render Pipeline/Particles/SimpleLit' not found
Launched and connected shader compiler UnityShaderCompiler.exe after 0.03 seconds
Refreshing native plugins compatible for Editor in 0.62 ms, found 2 plugins.
Preloading 0 native plugins for Editor in 0.00 ms.
Unloading 2866 Unused Serialized files (Serialized files now loaded: 0)
System memory in use before: 136.1 MB.
System memory in use after: 136.3 MB.

Unloading 19 unused Assets to reduce memory usage. Loaded Objects now: 3299.
Total: 1.974100 ms (FindLiveObjects: 0.238700 ms CreateObjectMapping: 0.121900 ms MarkObjects: 1.559000 ms  DeleteObjects: 0.053800 ms)

AssetImportParameters requested are different than current active one (requested -> active):
  custom:framework-win-MediaFoundation: 216162199b28c13a410421893ffa2e32 -> 
  custom:video-decoder-ogg-theora: a1e56fd34408186e4bbccfd4996cb3dc -> 
  custom:container-muxer-webm: aa71ff27fc2769a1b78a27578f13a17b -> 
  custom:container-demuxer-webm: 4f35f7cbe854078d1ac9338744f61a02 -> 
  custom:container-demuxer-ogg: 62fdf1f143b41e24485cea50d1cbac27 -> 
  custom:video-encoder-webm-vp8: eb34c28f22e8b96e1ab97ce403110664 -> 
  custom:video-decoder-webm-vp8: 9c59270c3fd7afecdb556c50c9e8de78 -> 
  custom:audio-decoder-ogg-vorbis: bf7c407c2cedff20999df2af8eb42d56 -> 
  custom:audio-encoder-webm-vorbis: bf7c407c2cedff20999df2af8eb42d56 -> 
========================================================================
Received Import Request.
  path: Assets/cuś.mat
  artifactKey: Guid(c7540ce46184e534a88eb6e64264cbc0) Importer(815301076,1909f56bfc062723c751e8b465ee728b)
Start importing Assets/cuś.mat using Guid(c7540ce46184e534a88eb6e64264cbc0) Importer(815301076,1909f56bfc062723c751e8b465ee728b)  -> (artifact id: 'd8b233a87d7f1174053ac7e0c14764bd') in 0.206940 seconds 
  Import took 0.210632 seconds .

========================================================================
Received Import Request.
  Time since last request: 0.000116 seconds.
  path: Assets/logo_02.png
  artifactKey: Guid(b3a319c53ec7a3e41b107249829896dd) Importer(815301076,1909f56bfc062723c751e8b465ee728b)
Start importing Assets/logo_02.png using Guid(b3a319c53ec7a3e41b107249829896dd) Importer(815301076,1909f56bfc062723c751e8b465ee728b)  -> (artifact id: 'e30446b585ebeb3ecb4e933ecb0b7530') in 0.054629 seconds 
  Import took 0.058071 seconds .

========================================================================
Received Import Request.
  Time since last request: 0.000134 seconds.
  path: Assets/Spot Light (1).prefab
  artifactKey: Guid(4de33ddc0f1b4ba489e6c8d22425b5eb) Importer(815301076,1909f56bfc062723c751e8b465ee728b)
Start importing Assets/Spot Light (1).prefab using Guid(4de33ddc0f1b4ba489e6c8d22425b5eb) Importer(815301076,1909f56bfc062723c751e8b465ee728b)  -> (artifact id: 'e52c9bb375892336f4e2bf0455382f52') in 0.011300 seconds 
  Import took 0.015001 seconds .

========================================================================
Received Import Request.
  Time since last request: 0.000171 seconds.
  path: Assets/UiCircle.png
  artifactKey: Guid(96729106a192adc4d89025499d0c036b) Importer(815301076,1909f56bfc062723c751e8b465ee728b)
Start importing Assets/UiCircle.png using Guid(96729106a192adc4d89025499d0c036b) Importer(815301076,1909f56bfc062723c751e8b465ee728b)  -> (artifact id: '7b7b67962e74e7766bc0356557055596') in 0.011171 seconds 
  Import took 0.015252 seconds .

========================================================================
Received Import Request.
  Time since last request: 0.000152 seconds.
  path: Assets/TeksturaOgnia.png
  artifactKey: Guid(027d3f310c061784aac33f40a6d8ccc1) Importer(815301076,1909f56bfc062723c751e8b465ee728b)
Start importing Assets/TeksturaOgnia.png using Guid(027d3f310c061784aac33f40a6d8ccc1) Importer(815301076,1909f56bfc062723c751e8b465ee728b)  -> (artifact id: 'c9eaaf0d769481f392d8b52ae758840e') in 0.014591 seconds 
  Import took 0.018892 seconds .

========================================================================
Received Import Request.
  Time since last request: 0.000212 seconds.
  path: Assets/Canvas.prefab
  artifactKey: Guid(8a53c644d34190a4bb5b19d22d9d9868) Importer(815301076,1909f56bfc062723c751e8b465ee728b)
Start importing Assets/Canvas.prefab using Guid(8a53c644d34190a4bb5b19d22d9d9868) Importer(815301076,1909f56bfc062723c751e8b465ee728b)  -> (artifact id: '53f438bdb4fbde705ffc3b6609a27999') in 0.064553 seconds 
  Import took 0.068738 seconds .

========================================================================
Received Import Request.
  Time since last request: 0.000173 seconds.
  path: Assets/Spot Light.prefab
  artifactKey: Guid(35543d621c19f314dad22ee4709198d4) Importer(815301076,1909f56bfc062723c751e8b465ee728b)
Start importing Assets/Spot Light.prefab using Guid(35543d621c19f314dad22ee4709198d4) Importer(815301076,1909f56bfc062723c751e8b465ee728b)  -> (artifact id: '24d406c77edf9393b6da32271153b97c') in 0.006201 seconds 
  Import took 0.009799 seconds .

========================================================================
Received Import Request.
  Time since last request: 0.000167 seconds.
  path: Assets/Stats.prefab
  artifactKey: Guid(0a73d754da9e0e04c9ff602680db809c) Importer(815301076,1909f56bfc062723c751e8b465ee728b)
Start importing Assets/Stats.prefab using Guid(0a73d754da9e0e04c9ff602680db809c) Importer(815301076,1909f56bfc062723c751e8b465ee728b)  -> (artifact id: 'cb91792f5be8825e42525c95ad8c664e') in 0.024726 seconds 
  Import took 0.029142 seconds .

========================================================================
Received Import Request.
  Time since last request: 0.000172 seconds.
  path: Assets/SoundManager.prefab
  artifactKey: Guid(034d89ec35d88f7449f2ed82de93c2ea) Importer(815301076,1909f56bfc062723c751e8b465ee728b)
Start importing Assets/SoundManager.prefab using Guid(034d89ec35d88f7449f2ed82de93c2ea) Importer(815301076,1909f56bfc062723c751e8b465ee728b)  -> (artifact id: 'ec83747b6691e58a1e8e7789d9fcb491') in 0.006763 seconds 
  Import took 0.010587 seconds .

========================================================================
Received Import Request.
  Time since last request: 0.000154 seconds.
  path: Assets/post processing.prefab
  artifactKey: Guid(4b4d9a0a6553e954a8418e3854d87d29) Importer(815301076,1909f56bfc062723c751e8b465ee728b)
Start importing Assets/post processing.prefab using Guid(4b4d9a0a6553e954a8418e3854d87d29) Importer(815301076,1909f56bfc062723c751e8b465ee728b)  -> (artifact id: 'fd29ee304fffe5a7bc87b7fe1f0d96dd') in 0.006329 seconds 
  Import took 0.010757 seconds .

========================================================================
Received Import Request.
  Time since last request: 0.000154 seconds.
  path: Assets/post processing Profile.asset
  artifactKey: Guid(47a13c6b08f59de4d849d4bdf3da9b6f) Importer(815301076,1909f56bfc062723c751e8b465ee728b)
Start importing Assets/post processing Profile.asset using Guid(47a13c6b08f59de4d849d4bdf3da9b6f) Importer(815301076,1909f56bfc062723c751e8b465ee728b)  -> (artifact id: '290dd43aa7b51b561e50f49bc697ea5e') in 0.012024 seconds 
  Import took 0.016183 seconds .

========================================================================
Received Import Request.
  Time since last request: 0.764256 seconds.
  path: Assets/Scenes
  artifactKey: Guid(267489ca2a5ed2e49b56c2474d2a2c5f) Importer(815301076,1909f56bfc062723c751e8b465ee728b)
Start importing Assets/Scenes using Guid(267489ca2a5ed2e49b56c2474d2a2c5f) Importer(815301076,1909f56bfc062723c751e8b465ee728b)  -> (artifact id: '9423341b930103b3a4b110d8f64632f5') in 0.004470 seconds 
  Import took 0.008176 seconds .

========================================================================
Received Import Request.
  Time since last request: 0.003037 seconds.
  path: Assets/Scenes
  artifactKey: Guid(267489ca2a5ed2e49b56c2474d2a2c5f) Importer(815301076,1909f56bfc062723c751e8b465ee728b)
Start importing Assets/Scenes using Guid(267489ca2a5ed2e49b56c2474d2a2c5f) Importer(815301076,1909f56bfc062723c751e8b465ee728b)  -> (artifact id: '9423341b930103b3a4b110d8f64632f5') in 0.001401 seconds 
  Import took 0.005110 seconds .

========================================================================
Received Import Request.
  Time since last request: 0.028999 seconds.
  path: Assets/Scenes/Daco_785160.png
  artifactKey: Guid(8829fa179dc11e84eb50dfb932fc2c35) Importer(815301076,1909f56bfc062723c751e8b465ee728b)
Start importing Assets/Scenes/Daco_785160.png using Guid(8829fa179dc11e84eb50dfb932fc2c35) Importer(815301076,1909f56bfc062723c751e8b465ee728b)  -> (artifact id: 'c193f7ad99e43364109b0993ed432134') in 0.012860 seconds 
  Import took 0.016892 seconds .

========================================================================
Received Import Request.
  Time since last request: 1.333444 seconds.
  path: Assets/Scenes/GRA.unity
  artifactKey: Guid(0a4d54bf73e8c924c868e7737eb92453) Importer(815301076,1909f56bfc062723c751e8b465ee728b)
Start importing Assets/Scenes/GRA.unity using Guid(0a4d54bf73e8c924c868e7737eb92453) Importer(815301076,1909f56bfc062723c751e8b465ee728b)  -> (artifact id: '51a67294a4e2c89016f8f09187ee53ba') in 0.006504 seconds 
  Import took 0.010462 seconds .

========================================================================
Received Import Request.
  Time since last request: 16.969082 seconds.
  path: Assets/Scenes/ScenaPierwsza.unity
  artifactKey: Guid(4d320468be24ecc4697ce80cc567938d) Importer(815301076,1909f56bfc062723c751e8b465ee728b)
Start importing Assets/Scenes/ScenaPierwsza.unity using Guid(4d320468be24ecc4697ce80cc567938d) Importer(815301076,1909f56bfc062723c751e8b465ee728b)  -> (artifact id: '5b58c21e54ce03a5421fc97ec8a4a3b2') in 0.005816 seconds 
  Import took 0.011148 seconds .

========================================================================
Received Prepare
Registering precompiled user dll's ...
Registered in 0.003080 seconds.
Begin MonoManager ReloadAssembly
Native extension for WindowsStandalone target not found
Refreshing native plugins compatible for Editor in 0.73 ms, found 2 plugins.
Preloading 0 native plugins for Editor in 0.00 ms.
Mono: successfully reloaded assembly
- Completed reload, in  0.767 seconds
Platform modules already initialized, skipping
Shader 'Universal Render Pipeline/Particles/Lit': fallback shader 'Universal Render Pipeline/Particles/SimpleLit' not found
Refreshing native plugins compatible for Editor in 0.59 ms, found 2 plugins.
Preloading 0 native plugins for Editor in 0.00 ms.
Unloading 2716 Unused Serialized files (Serialized files now loaded: 0)
System memory in use before: 130.6 MB.
System memory in use after: 130.8 MB.

Unloading 17 unused Assets to reduce memory usage. Loaded Objects now: 3386.
Total: 2.433600 ms (FindLiveObjects: 0.246600 ms CreateObjectMapping: 0.105400 ms MarkObjects: 2.026600 ms  DeleteObjects: 0.054300 ms)

AssetImportParameters requested are different than current active one (requested -> active):
  custom:framework-win-MediaFoundation: 216162199b28c13a410421893ffa2e32 -> 
  custom:video-decoder-ogg-theora: a1e56fd34408186e4bbccfd4996cb3dc -> 
  custom:container-muxer-webm: aa71ff27fc2769a1b78a27578f13a17b -> 
  custom:container-demuxer-webm: 4f35f7cbe854078d1ac9338744f61a02 -> 
  custom:container-demuxer-ogg: 62fdf1f143b41e24485cea50d1cbac27 -> 
  custom:video-encoder-webm-vp8: eb34c28f22e8b96e1ab97ce403110664 -> 
  custom:video-decoder-webm-vp8: 9c59270c3fd7afecdb556c50c9e8de78 -> 
  custom:audio-decoder-ogg-vorbis: bf7c407c2cedff20999df2af8eb42d56 -> 
  custom:audio-encoder-webm-vorbis: bf7c407c2cedff20999df2af8eb42d56 -> 
AssetImportWorkerClient::OnTransportError - code=2 error=End of file
